{"/Users/subramanya/Developer/github/react-native-swipe-carousel/src/index.tsx": {"path":"/Users/subramanya/Developer/github/react-native-swipe-carousel/src/index.tsx","statementMap":{"0":{"start":{"line":29,"column":21},"end":{"line":29,"column":51}},"1":{"start":{"line":32,"column":26},"end":{"line":32,"column":29}},"2":{"start":{"line":33,"column":29},"end":{"line":33,"column":32}},"3":{"start":{"line":34,"column":26},"end":{"line":34,"column":29}},"4":{"start":{"line":35,"column":26},"end":{"line":35,"column":29}},"5":{"start":{"line":36,"column":32},"end":{"line":36,"column":60}},"6":{"start":{"line":37,"column":28},"end":{"line":37,"column":47}},"7":{"start":{"line":40,"column":23},"end":{"line":40,"column":25}},"8":{"start":{"line":41,"column":25},"end":{"line":41,"column":27}},"9":{"start":{"line":42,"column":27},"end":{"line":42,"column":30}},"10":{"start":{"line":45,"column":20},"end":{"line":45,"column":21}},"11":{"start":{"line":46,"column":20},"end":{"line":46,"column":23}},"12":{"start":{"line":49,"column":32},"end":{"line":49,"column":33}},"13":{"start":{"line":50,"column":30},"end":{"line":50,"column":31}},"14":{"start":{"line":51,"column":31},"end":{"line":51,"column":32}},"15":{"start":{"line":54,"column":31},"end":{"line":54,"column":33}},"16":{"start":{"line":57,"column":30},"end":{"line":57,"column":33}},"17":{"start":{"line":58,"column":25},"end":{"line":58,"column":29}},"18":{"start":{"line":59,"column":25},"end":{"line":59,"column":29}},"19":{"start":{"line":60,"column":23},"end":{"line":60,"column":29}},"20":{"start":{"line":61,"column":23},"end":{"line":61,"column":29}},"21":{"start":{"line":102,"column":23},"end":{"line":102,"column":57}},"22":{"start":{"line":103,"column":25},"end":{"line":103,"column":41}},"23":{"start":{"line":104,"column":25},"end":{"line":104,"column":64}},"24":{"start":{"line":106,"column":2},"end":{"line":151,"column":4}},"25":{"start":{"line":125,"column":33},"end":{"line":125,"column":54}},"26":{"start":{"line":127,"column":16},"end":{"line":129,"column":58}},"27":{"start":{"line":130,"column":14},"end":{"line":137,"column":16}},"28":{"start":{"line":179,"column":19},"end":{"line":179,"column":35}},"29":{"start":{"line":180,"column":24},"end":{"line":180,"column":47}},"30":{"start":{"line":182,"column":24},"end":{"line":208,"column":4}},"31":{"start":{"line":183,"column":25},"end":{"line":183,"column":38}},"32":{"start":{"line":184,"column":19},"end":{"line":184,"column":38}},"33":{"start":{"line":185,"column":21},"end":{"line":185,"column":61}},"34":{"start":{"line":187,"column":31},"end":{"line":187,"column":75}},"35":{"start":{"line":188,"column":24},"end":{"line":188,"column":35}},"36":{"start":{"line":190,"column":18},"end":{"line":195,"column":5}},"37":{"start":{"line":197,"column":20},"end":{"line":202,"column":5}},"38":{"start":{"line":204,"column":4},"end":{"line":207,"column":6}},"39":{"start":{"line":210,"column":2},"end":{"line":227,"column":4}},"40":{"start":{"line":245,"column":23},"end":{"line":247,"column":3}},"41":{"start":{"line":246,"column":14},"end":{"line":246,"column":57}},"42":{"start":{"line":248,"column":21},"end":{"line":248,"column":64}},"43":{"start":{"line":249,"column":23},"end":{"line":249,"column":75}},"44":{"start":{"line":250,"column":25},"end":{"line":250,"column":56}},"45":{"start":{"line":252,"column":2},"end":{"line":267,"column":78}},"46":{"start":{"line":253,"column":26},"end":{"line":253,"column":49}},"47":{"start":{"line":254,"column":4},"end":{"line":266,"column":5}},"48":{"start":{"line":255,"column":6},"end":{"line":255,"column":45}},"49":{"start":{"line":256,"column":20},"end":{"line":258,"column":7}},"50":{"start":{"line":257,"column":18},"end":{"line":257,"column":51}},"51":{"start":{"line":259,"column":6},"end":{"line":265,"column":7}},"52":{"start":{"line":260,"column":8},"end":{"line":260,"column":35}},"53":{"start":{"line":261,"column":8},"end":{"line":264,"column":11}},"54":{"start":{"line":269,"column":22},"end":{"line":277,"column":3}},"55":{"start":{"line":271,"column":25},"end":{"line":271,"column":71}},"56":{"start":{"line":272,"column":4},"end":{"line":275,"column":7}},"57":{"start":{"line":276,"column":4},"end":{"line":276,"column":38}},"58":{"start":{"line":279,"column":29},"end":{"line":285,"column":3}},"59":{"start":{"line":280,"column":25},"end":{"line":280,"column":71}},"60":{"start":{"line":281,"column":17},"end":{"line":281,"column":36}},"61":{"start":{"line":282,"column":4},"end":{"line":284,"column":5}},"62":{"start":{"line":283,"column":6},"end":{"line":283,"column":25}},"63":{"start":{"line":287,"column":21},"end":{"line":315,"column":6}},"64":{"start":{"line":290,"column":8},"end":{"line":290,"column":62}},"65":{"start":{"line":291,"column":28},"end":{"line":291,"column":61}},"66":{"start":{"line":292,"column":28},"end":{"line":292,"column":29}},"67":{"start":{"line":294,"column":6},"end":{"line":297,"column":8}},"68":{"start":{"line":300,"column":32},"end":{"line":300,"column":48}},"69":{"start":{"line":301,"column":23},"end":{"line":301,"column":38}},"70":{"start":{"line":303,"column":24},"end":{"line":303,"column":68}},"71":{"start":{"line":305,"column":6},"end":{"line":311,"column":7}},"72":{"start":{"line":306,"column":8},"end":{"line":310,"column":9}},"73":{"start":{"line":307,"column":10},"end":{"line":307,"column":68}},"74":{"start":{"line":309,"column":10},"end":{"line":309,"column":53}},"75":{"start":{"line":313,"column":6},"end":{"line":313,"column":31}},"76":{"start":{"line":314,"column":6},"end":{"line":314,"column":52}},"77":{"start":{"line":317,"column":2},"end":{"line":377,"column":4}},"78":{"start":{"line":343,"column":14},"end":{"line":353,"column":16}}},"fnMap":{"0":{"name":"GradientBorder","decl":{"start":{"line":97,"column":9},"end":{"line":97,"column":23}},"loc":{"start":{"line":101,"column":24},"end":{"line":152,"column":1}},"line":101},"1":{"name":"(anonymous_1)","decl":{"start":{"line":124,"column":32},"end":{"line":124,"column":33}},"loc":{"start":{"line":124,"column":50},"end":{"line":138,"column":13}},"line":124},"2":{"name":"CarouselItem","decl":{"start":{"line":169,"column":9},"end":{"line":169,"column":21}},"loc":{"start":{"line":178,"column":25},"end":{"line":228,"column":1}},"line":178},"3":{"name":"(anonymous_3)","decl":{"start":{"line":182,"column":41},"end":{"line":182,"column":42}},"loc":{"start":{"line":182,"column":47},"end":{"line":208,"column":3}},"line":182},"4":{"name":"Carousel","decl":{"start":{"line":230,"column":16},"end":{"line":230,"column":24}},"loc":{"start":{"line":244,"column":21},"end":{"line":378,"column":1}},"line":244},"5":{"name":"(anonymous_5)","decl":{"start":{"line":246,"column":4},"end":{"line":246,"column":5}},"loc":{"start":{"line":246,"column":14},"end":{"line":246,"column":57}},"line":246},"6":{"name":"(anonymous_6)","decl":{"start":{"line":252,"column":12},"end":{"line":252,"column":13}},"loc":{"start":{"line":252,"column":18},"end":{"line":267,"column":3}},"line":252},"7":{"name":"(anonymous_7)","decl":{"start":{"line":257,"column":8},"end":{"line":257,"column":9}},"loc":{"start":{"line":257,"column":18},"end":{"line":257,"column":51}},"line":257},"8":{"name":"(anonymous_8)","decl":{"start":{"line":269,"column":22},"end":{"line":269,"column":23}},"loc":{"start":{"line":269,"column":41},"end":{"line":277,"column":3}},"line":269},"9":{"name":"(anonymous_9)","decl":{"start":{"line":279,"column":29},"end":{"line":279,"column":30}},"loc":{"start":{"line":279,"column":48},"end":{"line":285,"column":3}},"line":279},"10":{"name":"(anonymous_10)","decl":{"start":{"line":288,"column":14},"end":{"line":288,"column":15}},"loc":{"start":{"line":288,"column":42},"end":{"line":298,"column":5}},"line":288},"11":{"name":"(anonymous_11)","decl":{"start":{"line":299,"column":11},"end":{"line":299,"column":12}},"loc":{"start":{"line":299,"column":39},"end":{"line":315,"column":5}},"line":299},"12":{"name":"(anonymous_12)","decl":{"start":{"line":342,"column":23},"end":{"line":342,"column":24}},"loc":{"start":{"line":343,"column":14},"end":{"line":353,"column":16}},"line":343}},"branchMap":{"0":{"loc":{"start":{"line":127,"column":16},"end":{"line":129,"column":58}},"type":"cond-expr","locations":[{"start":{"line":128,"column":20},"end":{"line":128,"column":24}},{"start":{"line":129,"column":20},"end":{"line":129,"column":58}}],"line":127},"1":{"loc":{"start":{"line":237,"column":2},"end":{"line":237,"column":30}},"type":"default-arg","locations":[{"start":{"line":237,"column":13},"end":{"line":237,"column":30}}],"line":237},"2":{"loc":{"start":{"line":238,"column":2},"end":{"line":238,"column":36}},"type":"default-arg","locations":[{"start":{"line":238,"column":16},"end":{"line":238,"column":36}}],"line":238},"3":{"loc":{"start":{"line":239,"column":2},"end":{"line":239,"column":30}},"type":"default-arg","locations":[{"start":{"line":239,"column":13},"end":{"line":239,"column":30}}],"line":239},"4":{"loc":{"start":{"line":240,"column":2},"end":{"line":240,"column":30}},"type":"default-arg","locations":[{"start":{"line":240,"column":13},"end":{"line":240,"column":30}}],"line":240},"5":{"loc":{"start":{"line":241,"column":2},"end":{"line":241,"column":27}},"type":"default-arg","locations":[{"start":{"line":241,"column":23},"end":{"line":241,"column":27}}],"line":241},"6":{"loc":{"start":{"line":242,"column":2},"end":{"line":242,"column":42}},"type":"default-arg","locations":[{"start":{"line":242,"column":19},"end":{"line":242,"column":42}}],"line":242},"7":{"loc":{"start":{"line":243,"column":2},"end":{"line":243,"column":34}},"type":"default-arg","locations":[{"start":{"line":243,"column":15},"end":{"line":243,"column":34}}],"line":243},"8":{"loc":{"start":{"line":249,"column":38},"end":{"line":249,"column":74}},"type":"cond-expr","locations":[{"start":{"line":249,"column":58},"end":{"line":249,"column":70}},{"start":{"line":249,"column":73},"end":{"line":249,"column":74}}],"line":249},"9":{"loc":{"start":{"line":254,"column":4},"end":{"line":266,"column":5}},"type":"if","locations":[{"start":{"line":254,"column":4},"end":{"line":266,"column":5}},{"start":{},"end":{}}],"line":254},"10":{"loc":{"start":{"line":259,"column":6},"end":{"line":265,"column":7}},"type":"if","locations":[{"start":{"line":259,"column":6},"end":{"line":265,"column":7}},{"start":{},"end":{}}],"line":259},"11":{"loc":{"start":{"line":282,"column":4},"end":{"line":284,"column":5}},"type":"if","locations":[{"start":{"line":282,"column":4},"end":{"line":284,"column":5}},{"start":{},"end":{}}],"line":282},"12":{"loc":{"start":{"line":282,"column":8},"end":{"line":282,"column":59}},"type":"binary-expr","locations":[{"start":{"line":282,"column":8},"end":{"line":282,"column":12}},{"start":{"line":282,"column":16},"end":{"line":282,"column":59}}],"line":282},"13":{"loc":{"start":{"line":305,"column":6},"end":{"line":311,"column":7}},"type":"if","locations":[{"start":{"line":305,"column":6},"end":{"line":311,"column":7}},{"start":{},"end":{}}],"line":305},"14":{"loc":{"start":{"line":306,"column":8},"end":{"line":310,"column":9}},"type":"if","locations":[{"start":{"line":306,"column":8},"end":{"line":310,"column":9}},{"start":{"line":308,"column":15},"end":{"line":310,"column":9}}],"line":306},"15":{"loc":{"start":{"line":357,"column":9},"end":{"line":363,"column":9}},"type":"binary-expr","locations":[{"start":{"line":357,"column":9},"end":{"line":357,"column":27}},{"start":{"line":358,"column":10},"end":{"line":362,"column":12}}],"line":357},"16":{"loc":{"start":{"line":365,"column":7},"end":{"line":375,"column":7}},"type":"binary-expr","locations":[{"start":{"line":365,"column":7},"end":{"line":365,"column":19}},{"start":{"line":366,"column":8},"end":{"line":374,"column":15}}],"line":365}},"s":{"0":1,"1":1,"2":1,"3":1,"4":1,"5":1,"6":1,"7":1,"8":1,"9":1,"10":1,"11":1,"12":1,"13":1,"14":1,"15":1,"16":1,"17":1,"18":1,"19":1,"20":1,"21":49,"22":49,"23":49,"24":49,"25":145,"26":145,"27":145,"28":140,"29":140,"30":140,"31":141,"32":141,"33":141,"34":141,"35":141,"36":141,"37":141,"38":141,"39":140,"40":50,"41":73,"42":50,"43":50,"44":50,"45":50,"46":50,"47":50,"48":3,"49":3,"50":9,"51":3,"52":2,"53":2,"54":50,"55":6,"56":6,"57":6,"58":50,"59":6,"60":6,"61":6,"62":3,"63":50,"64":4,"65":4,"66":4,"67":4,"68":6,"69":6,"70":6,"71":6,"72":3,"73":2,"74":1,"75":6,"76":6,"77":50,"78":140},"f":{"0":49,"1":145,"2":140,"3":141,"4":50,"5":73,"6":50,"7":9,"8":6,"9":6,"10":4,"11":6,"12":140},"b":{"0":[1,144],"1":[45],"2":[46],"3":[46],"4":[46],"5":[48],"6":[46],"7":[47],"8":[47,3],"9":[3,47],"10":[2,1],"11":[3,3],"12":[6,6],"13":[3,3],"14":[2,1],"15":[50,49],"16":[50,4]},"_coverageSchema":"1a1c01bbd47fc00a2c39e90264f33305004495a9","hash":"a407b76e782e7dc7aef424e051faf95844511d30"}
}
