TN:
SF:src/index.tsx
FN:97,GradientBorder
FN:124,(anonymous_1)
FN:169,CarouselItem
FN:182,(anonymous_3)
FN:230,Carousel
FN:246,(anonymous_5)
FN:252,(anonymous_6)
FN:257,(anonymous_7)
FN:269,(anonymous_8)
FN:279,(anonymous_9)
FN:288,(anonymous_10)
FN:299,(anonymous_11)
FN:342,(anonymous_12)
FNF:13
FNH:13
FNDA:49,GradientBorder
FNDA:145,(anonymous_1)
FNDA:140,CarouselItem
FNDA:141,(anonymous_3)
FNDA:50,Carousel
FNDA:73,(anonymous_5)
FNDA:50,(anonymous_6)
FNDA:9,(anonymous_7)
FNDA:6,(anonymous_8)
FNDA:6,(anonymous_9)
FNDA:4,(anonymous_10)
FNDA:6,(anonymous_11)
FNDA:140,(anonymous_12)
DA:29,1
DA:32,1
DA:33,1
DA:34,1
DA:35,1
DA:36,1
DA:37,1
DA:40,1
DA:41,1
DA:42,1
DA:45,1
DA:46,1
DA:49,1
DA:50,1
DA:51,1
DA:54,1
DA:57,1
DA:58,1
DA:59,1
DA:60,1
DA:61,1
DA:102,49
DA:103,49
DA:104,49
DA:106,49
DA:125,145
DA:127,145
DA:130,145
DA:179,140
DA:180,140
DA:182,140
DA:183,141
DA:184,141
DA:185,141
DA:187,141
DA:188,141
DA:190,141
DA:197,141
DA:204,141
DA:210,140
DA:245,50
DA:246,73
DA:248,50
DA:249,50
DA:250,50
DA:252,50
DA:253,50
DA:254,50
DA:255,3
DA:256,3
DA:257,9
DA:259,3
DA:260,2
DA:261,2
DA:269,50
DA:271,6
DA:272,6
DA:276,6
DA:279,50
DA:280,6
DA:281,6
DA:282,6
DA:283,3
DA:287,50
DA:290,4
DA:291,4
DA:292,4
DA:294,4
DA:300,6
DA:301,6
DA:303,6
DA:305,6
DA:306,3
DA:307,2
DA:309,1
DA:313,6
DA:314,6
DA:317,50
DA:343,140
LF:79
LH:79
BRDA:127,0,0,1
BRDA:127,0,1,144
BRDA:237,1,0,45
BRDA:238,2,0,46
BRDA:239,3,0,46
BRDA:240,4,0,46
BRDA:241,5,0,48
BRDA:242,6,0,46
BRDA:243,7,0,47
BRDA:249,8,0,47
BRDA:249,8,1,3
BRDA:254,9,0,3
BRDA:254,9,1,47
BRDA:259,10,0,2
BRDA:259,10,1,1
BRDA:282,11,0,3
BRDA:282,11,1,3
BRDA:282,12,0,6
BRDA:282,12,1,6
BRDA:305,13,0,3
BRDA:305,13,1,3
BRDA:306,14,0,2
BRDA:306,14,1,1
BRDA:357,15,0,50
BRDA:357,15,1,49
BRDA:365,16,0,50
BRDA:365,16,1,4
BRF:27
BRH:27
end_of_record
